<?xml version="1.0" encoding="UTF-8"?>
<!-- Generated by org.testng.reporters.JUnitReportReporter -->
<testsuite hostname="DESKTOP-D24HK4I" failures="0" tests="1" name="testCaseBestBuy.TC_02_ValidateUrlIsNotBroken" time="35.755" errors="0" timestamp="2024-09-25T21:55:03 IST" skipped="0">
  <testcase classname="testCaseBestBuy.TC_02_ValidateUrlIsNotBroken" name="tc_02_validateUrlIsNotBroken" time="35.755"/>
  <system-out/>
</testsuite> <!-- testCaseBestBuy.TC_02_ValidateUrlIsNotBroken -->
