<?xml version="1.0" encoding="UTF-8"?>
<!-- Generated by org.testng.reporters.JUnitReportReporter -->
<testsuite hostname="DESKTOP-D24HK4I" failures="0" tests="1" name="testCaseBestBuy.TC_01_navgatingToBestBestApp" time="15.057" errors="0" timestamp="2024-09-25T21:54:01 IST" skipped="0">
  <testcase classname="testCaseBestBuy.TC_01_navgatingToBestBestApp" name="tc_01_navgatingToBestBestApp" time="15.057"/>
  <system-out/>
</testsuite> <!-- testCaseBestBuy.TC_01_navgatingToBestBestApp -->
